<?xml version="1.0" encoding="UTF-8"?>
<!-- Generated by org.testng.reporters.JUnitReportReporter -->
<testsuite hostname="ITP-PTWS150" name="Sample.PetClinicTest" tests="1" failures="0" timestamp="20 Apr 2016 06:28:59 GMT" time="20.581" errors="0">
  <testcase name="testEasy" time="20.581" classname="Sample.PetClinicTest"/>
</testsuite> <!-- Sample.PetClinicTest -->
